\BOOKMARK [0][-]{chapter*.5}{Introduction}{}% 1
\BOOKMARK [0][-]{chapter.1}{DNS - Domain Name System}{}% 2
\BOOKMARK [1][-]{section.1.1}{Normal DNS Usage}{chapter.1}% 3
\BOOKMARK [1][-]{section.1.2}{Anomalous DNS Traffic}{chapter.1}% 4
\BOOKMARK [0][-]{chapter.2}{Analysis of DNS Attacks}{}% 5
\BOOKMARK [1][-]{section.2.1}{DoS Attacks}{chapter.2}% 6
\BOOKMARK [1][-]{section.2.2}{MiM Attacks}{chapter.2}% 7
\BOOKMARK [1][-]{section.2.3}{DNS Tunelling}{chapter.2}% 8
\BOOKMARK [1][-]{section.2.4}{Botnets}{chapter.2}% 9
\BOOKMARK [1][-]{section.2.5}{Other DNS Related Attacks}{chapter.2}% 10
\BOOKMARK [0][-]{chapter.3}{Methods of DNS Attack Detection and Classification}{}% 11
\BOOKMARK [1][-]{section.3.1}{Ad-hoc Methods}{chapter.3}% 12
\BOOKMARK [1][-]{section.3.2}{Signatures}{chapter.3}% 13
\BOOKMARK [1][-]{section.3.3}{Data-Mining Methods}{chapter.3}% 14
\BOOKMARK [1][-]{section.3.4}{Statistical Methods}{chapter.3}% 15
\BOOKMARK [0][-]{chapter.4}{Description of Selected Method}{}% 16
\BOOKMARK [0][-]{chapter.5}{Application Design}{}% 17
\BOOKMARK [0][-]{chapter.6}{Implementation}{}% 18
\BOOKMARK [0][-]{chapter.7}{Measurements and Testing}{}% 19
\BOOKMARK [0][-]{chapter*.6}{Conclusion}{}% 20
\BOOKMARK [0][-]{section*.8}{Bibliography}{}% 21
\BOOKMARK [0][-]{appendix.A}{Contents of CD}{}% 22
